"FreeRTOS Task Aware Debugger for GDB" version 1.0.2 (201704101406)
(c) 2016 NXP Semiconductors, Inc.
==================================
20:02:04.539 INFO: [TadModel] DSF session ID 51 has started.
20:02:09.566 INFO: [TadState] TAD state changed:  DEBUG_STARTED -> DEBUG_INIT_0 (RESUMED, USER_REQUEST)
20:02:09.681 INFO: [TadState] TAD state changed:  DEBUG_INIT_0 -> DEBUG_INIT_1 (SUSPENDED, SIGNAL)
20:02:10.827 INFO: [TadState] TAD state changed:  DEBUG_INIT_1 -> DEBUG_SUSPENDED (RESUMED, USER_REQUEST)
20:02:10.986 INFO: [TadState] TAD state changed:  DEBUG_SUSPENDED -> DEBUG_SUSPENDED (SUSPENDED, BREAKPOINT)
20:02:13.154 INFO: [TadState] TAD state changed:  DEBUG_SUSPENDED -> DEBUG_RESUMED (RESUMED, STEP)
20:02:13.398 INFO: [TadState] TAD state changed:  DEBUG_RESUMED -> READY (SUSPENDED, STEP)
20:02:14.380 INFO: [TadState] TAD state changed:  READY -> DEBUG_RESUMED (RESUMED, STEP)
20:02:14.580 INFO: [TadState] TAD state changed:  DEBUG_RESUMED -> READY (SUSPENDED, STEP)
20:02:15.254 INFO: [TadState] TAD state changed:  READY -> DEBUG_RESUMED (RESUMED, STEP)
20:02:15.758 INFO: [TadState] TAD state changed:  DEBUG_RESUMED -> READY (SUSPENDED, STEP)
20:02:16.769 INFO: [TadState] TAD state changed:  READY -> DEBUG_RESUMED (RESUMED, STEP)
20:02:17.240 INFO: [TadState] TAD state changed:  DEBUG_RESUMED -> READY (SUSPENDED, STEP)
20:02:36.305 INFO: [TadState] TAD state changed:  READY -> DEBUG_RESUMED (RESUMED, STEP)
20:02:36.860 INFO: [TadState] TAD state changed:  DEBUG_RESUMED -> READY (SUSPENDED, STEP)
20:02:53.830 INFO: [TadState] TAD state changed:  READY -> DEBUG_RESUMED (RESUMED, STEP)
20:02:54.476 INFO: [TadState] TAD state changed:  DEBUG_RESUMED -> READY (SUSPENDED, STEP)
20:03:01.550 INFO: [TadModel] DSF session ID 51 has ended.
