18:19:15 **** Build of configuration Debug for project LPC1769 ****
make -r all 
Building file: ../src/Flash.c
Invoking: MCU C Compiler
arm-none-eabi-gcc -D__REDLIB__ -DDEBUG -D__CODE_RED -DCORE_M3 -D__USE_CMSIS=CMSIS_CORE_LPC17xx -D__LPC17XX__ -I"C:\Users\PsychoSnake\Documents\Informatica\ISEL\6_Semestre\SE2\Code\LPC1769\inc" -I"C:\Users\PsychoSnake\Documents\Informatica\ISEL\6_Semestre\SE2\Code\CMSIS_CORE_LPC17xx\inc" -O0 -fno-common -g3 -Wall -c -fmessage-length=0 -fno-builtin -ffunction-sections -fdata-sections -mcpu=cortex-m3 -mthumb -specs=redlib.specs -MMD -MP -MF"src/Flash.d" -MT"src/Flash.o" -MT"src/Flash.d" -o "src/Flash.o" "../src/Flash.c"
../src/Flash.c: In function 'FLASH_WriteData':
../src/Flash.c:26:17: warning: assignment makes integer from pointer without a cast [-Wint-conversion]
  iap_command[1] = dstAddr;
                 ^
../src/Flash.c:27:17: warning: assignment makes integer from pointer without a cast [-Wint-conversion]
  iap_command[2] = srcAddr;
                 ^
Finished building: ../src/Flash.c
 
Building file: ../src/GPIO.c
Invoking: MCU C Compiler
arm-none-eabi-gcc -D__REDLIB__ -DDEBUG -D__CODE_RED -DCORE_M3 -D__USE_CMSIS=CMSIS_CORE_LPC17xx -D__LPC17XX__ -I"C:\Users\PsychoSnake\Documents\Informatica\ISEL\6_Semestre\SE2\Code\LPC1769\inc" -I"C:\Users\PsychoSnake\Documents\Informatica\ISEL\6_Semestre\SE2\Code\CMSIS_CORE_LPC17xx\inc" -O0 -fno-common -g3 -Wall -c -fmessage-length=0 -fno-builtin -ffunction-sections -fdata-sections -mcpu=cortex-m3 -mthumb -specs=redlib.specs -MMD -MP -MF"src/GPIO.d" -MT"src/GPIO.o" -MT"src/GPIO.d" -o "src/GPIO.o" "../src/GPIO.c"
Finished building: ../src/GPIO.c
 
Building file: ../src/KeyPad.c
Invoking: MCU C Compiler
arm-none-eabi-gcc -D__REDLIB__ -DDEBUG -D__CODE_RED -DCORE_M3 -D__USE_CMSIS=CMSIS_CORE_LPC17xx -D__LPC17XX__ -I"C:\Users\PsychoSnake\Documents\Informatica\ISEL\6_Semestre\SE2\Code\LPC1769\inc" -I"C:\Users\PsychoSnake\Documents\Informatica\ISEL\6_Semestre\SE2\Code\CMSIS_CORE_LPC17xx\inc" -O0 -fno-common -g3 -Wall -c -fmessage-length=0 -fno-builtin -ffunction-sections -fdata-sections -mcpu=cortex-m3 -mthumb -specs=redlib.specs -MMD -MP -MF"src/KeyPad.d" -MT"src/KeyPad.o" -MT"src/KeyPad.d" -o "src/KeyPad.o" "../src/KeyPad.c"
In file included from ../src/KeyPad.c:2:0:
C:\Users\PsychoSnake\Documents\Informatica\ISEL\6_Semestre\SE2\Code\LPC1769\inc/gpio.h:34:1: warning: "/*" within comment [-Wcomment]
 /** @defgroup GPIO_Public_Functions GPIO Public Functions
  
In file included from ../src/KeyPad.c:3:0:
C:\Users\PsychoSnake\Documents\Informatica\ISEL\6_Semestre\SE2\Code\LPC1769\inc/timer.h:33:1: warning: "/*" within comment [-Wcomment]
 /** @defgroup TIMER_Public_Functions TIMER Public Functions
  
../src/KeyPad.c: In function 'KEYPAD_Read':
../src/KeyPad.c:46:23: warning: implicit declaration of function 'convertToKey' [-Wimplicit-function-declaration]
  return keyPad_Layout[convertToKey()];
                       ^~~~~~~~~~~~
../src/KeyPad.c: In function 'convertToKey':
../src/KeyPad.c:54:6: warning: unused variable 'p' [-Wunused-variable]
  int p = keyPad_Layout[value];
      ^
Finished building: ../src/KeyPad.c
 
Building file: ../src/LCD.c
Invoking: MCU C Compiler
arm-none-eabi-gcc -D__REDLIB__ -DDEBUG -D__CODE_RED -DCORE_M3 -D__USE_CMSIS=CMSIS_CORE_LPC17xx -D__LPC17XX__ -I"C:\Users\PsychoSnake\Documents\Informatica\ISEL\6_Semestre\SE2\Code\LPC1769\inc" -I"C:\Users\PsychoSnake\Documents\Informatica\ISEL\6_Semestre\SE2\Code\CMSIS_CORE_LPC17xx\inc" -O0 -fno-common -g3 -Wall -c -fmessage-length=0 -fno-builtin -ffunction-sections -fdata-sections -mcpu=cortex-m3 -mthumb -specs=redlib.specs -MMD -MP -MF"src/LCD.d" -MT"src/LCD.o" -MT"src/LCD.d" -o "src/LCD.o" "../src/LCD.c"
In file included from ../src/LCD.c:2:0:
C:\Users\PsychoSnake\Documents\Informatica\ISEL\6_Semestre\SE2\Code\LPC1769\inc/gpio.h:34:1: warning: "/*" within comment [-Wcomment]
 /** @defgroup GPIO_Public_Functions GPIO Public Functions
  
In file included from ../src/LCD.c:3:0:
C:\Users\PsychoSnake\Documents\Informatica\ISEL\6_Semestre\SE2\Code\LPC1769\inc/timer.h:33:1: warning: "/*" within comment [-Wcomment]
 /** @defgroup TIMER_Public_Functions TIMER Public Functions
  
../src/LCD.c: In function 'LCD_Init':
../src/LCD.c:27:2: warning: implicit declaration of function 'SPI_BeginTransfer' [-Wimplicit-function-declaration]
  SPI_BeginTransfer(LCD_CS);
  ^~~~~~~~~~~~~~~~~
../src/LCD.c:29:2: warning: implicit declaration of function 'LCD_Command' [-Wimplicit-function-declaration]
  LCD_Command(DISCTL);  // display control
  ^~~~~~~~~~~
../src/LCD.c:31:2: warning: implicit declaration of function 'LCD_Data' [-Wimplicit-function-declaration]
  LCD_Data(0x0C);
  ^~~~~~~~
../src/LCD.c:62:2: warning: implicit declaration of function 'SPI_EndTransfer' [-Wimplicit-function-declaration]
  SPI_EndTransfer(LCD_CS);
  ^~~~~~~~~~~~~~~
../src/LCD.c: In function 'LCD_LowLevelInit':
../src/LCD.c:81:2: warning: implicit declaration of function 'SPI_Init' [-Wimplicit-function-declaration]
  SPI_Init(SystemCoreClock / 8, 9);
  ^~~~~~~~
../src/LCD.c: At top level:
../src/LCD.c:85:6: warning: conflicting types for 'LCD_Command'
 void LCD_Command(int command){
      ^~~~~~~~~~~
../src/LCD.c:29:2: note: previous implicit declaration of 'LCD_Command' was here
  LCD_Command(DISCTL);  // display control
  ^~~~~~~~~~~
../src/LCD.c: In function 'LCD_Command':
../src/LCD.c:89:2: warning: implicit declaration of function 'SPI_Transfer' [-Wimplicit-function-declaration]
  SPI_Transfer(&send, rxBuffer, 1);
  ^~~~~~~~~~~~
../src/LCD.c: At top level:
../src/LCD.c:92:6: warning: conflicting types for 'LCD_Data'
 void LCD_Data(int data){
      ^~~~~~~~
../src/LCD.c:31:2: note: previous implicit declaration of 'LCD_Data' was here
  LCD_Data(0x0C);
  ^~~~~~~~
../src/LCD.c: In function 'LCD_WriteChar':
../src/LCD.c:126:45: warning: variable 'convertedCol' set but not used [-Wunused-but-set-variable]
  unsigned int pixel1, pixel2, convertedRow, convertedCol;
                                             ^~~~~~~~~~~~
../src/LCD.c:126:31: warning: variable 'convertedRow' set but not used [-Wunused-but-set-variable]
  unsigned int pixel1, pixel2, convertedRow, convertedCol;
                               ^~~~~~~~~~~~
Finished building: ../src/LCD.c
 
Building file: ../src/RTC.c
Invoking: MCU C Compiler
arm-none-eabi-gcc -D__REDLIB__ -DDEBUG -D__CODE_RED -DCORE_M3 -D__USE_CMSIS=CMSIS_CORE_LPC17xx -D__LPC17XX__ -I"C:\Users\PsychoSnake\Documents\Informatica\ISEL\6_Semestre\SE2\Code\LPC1769\inc" -I"C:\Users\PsychoSnake\Documents\Informatica\ISEL\6_Semestre\SE2\Code\CMSIS_CORE_LPC17xx\inc" -O0 -fno-common -g3 -Wall -c -fmessage-length=0 -fno-builtin -ffunction-sections -fdata-sections -mcpu=cortex-m3 -mthumb -specs=redlib.specs -MMD -MP -MF"src/RTC.d" -MT"src/RTC.o" -MT"src/RTC.d" -o "src/RTC.o" "../src/RTC.c"
Finished building: ../src/RTC.c
 
Building file: ../src/SPI.c
Invoking: MCU C Compiler
arm-none-eabi-gcc -D__REDLIB__ -DDEBUG -D__CODE_RED -DCORE_M3 -D__USE_CMSIS=CMSIS_CORE_LPC17xx -D__LPC17XX__ -I"C:\Users\PsychoSnake\Documents\Informatica\ISEL\6_Semestre\SE2\Code\LPC1769\inc" -I"C:\Users\PsychoSnake\Documents\Informatica\ISEL\6_Semestre\SE2\Code\CMSIS_CORE_LPC17xx\inc" -O0 -fno-common -g3 -Wall -c -fmessage-length=0 -fno-builtin -ffunction-sections -fdata-sections -mcpu=cortex-m3 -mthumb -specs=redlib.specs -MMD -MP -MF"src/SPI.d" -MT"src/SPI.o" -MT"src/SPI.d" -o "src/SPI.o" "../src/SPI.c"
In file included from ../src/SPI.c:2:0:
C:\Users\PsychoSnake\Documents\Informatica\ISEL\6_Semestre\SE2\Code\LPC1769\inc/gpio.h:34:1: warning: "/*" within comment [-Wcomment]
 /** @defgroup GPIO_Public_Functions GPIO Public Functions
  
../src/SPI.c: In function 'SPI_Init':
../src/SPI.c:16:16: warning: variable 'dummy' set but not used [-Wunused-but-set-variable]
  unsigned char dummy;
                ^~~~~
../src/SPI.c: In function 'SPI_Transfer':
../src/SPI.c:35:9: warning: 'return' with a value, in function returning void
  return i;
         ^
../src/SPI.c:28:6: note: declared here
 void SPI_Transfer(unsigned short *txBuffer, unsigned short *rxBuffer, int lenght){
      ^~~~~~~~~~~~
Finished building: ../src/SPI.c
 
Building file: ../src/Timer.c
Invoking: MCU C Compiler
arm-none-eabi-gcc -D__REDLIB__ -DDEBUG -D__CODE_RED -DCORE_M3 -D__USE_CMSIS=CMSIS_CORE_LPC17xx -D__LPC17XX__ -I"C:\Users\PsychoSnake\Documents\Informatica\ISEL\6_Semestre\SE2\Code\LPC1769\inc" -I"C:\Users\PsychoSnake\Documents\Informatica\ISEL\6_Semestre\SE2\Code\CMSIS_CORE_LPC17xx\inc" -O0 -fno-common -g3 -Wall -c -fmessage-length=0 -fno-builtin -ffunction-sections -fdata-sections -mcpu=cortex-m3 -mthumb -specs=redlib.specs -MMD -MP -MF"src/Timer.d" -MT"src/Timer.o" -MT"src/Timer.d" -o "src/Timer.o" "../src/Timer.c"
In file included from ../src/Timer.c:2:0:
C:\Users\PsychoSnake\Documents\Informatica\ISEL\6_Semestre\SE2\Code\LPC1769\inc/timer.h:33:1: warning: "/*" within comment [-Wcomment]
 /** @defgroup TIMER_Public_Functions TIMER Public Functions
  
Finished building: ../src/Timer.c
 
Building file: ../src/lab5_font.c
Invoking: MCU C Compiler
arm-none-eabi-gcc -D__REDLIB__ -DDEBUG -D__CODE_RED -DCORE_M3 -D__USE_CMSIS=CMSIS_CORE_LPC17xx -D__LPC17XX__ -I"C:\Users\PsychoSnake\Documents\Informatica\ISEL\6_Semestre\SE2\Code\LPC1769\inc" -I"C:\Users\PsychoSnake\Documents\Informatica\ISEL\6_Semestre\SE2\Code\CMSIS_CORE_LPC17xx\inc" -O0 -fno-common -g3 -Wall -c -fmessage-length=0 -fno-builtin -ffunction-sections -fdata-sections -mcpu=cortex-m3 -mthumb -specs=redlib.specs -MMD -MP -MF"src/lab5_font.d" -MT"src/lab5_font.o" -MT"src/lab5_font.d" -o "src/lab5_font.o" "../src/lab5_font.c"
../src/lab5_font.c:22:40: warning: missing braces around initializer [-Wmissing-braces]
 const unsigned char font8x16[97][16] = {
                                        ^
../src/lab5_font.c:22:40: note: (near initialization for 'font8x16')
Finished building: ../src/lab5_font.c
 
Building target: libLPC1769.a
Invoking: MCU Archiver
arm-none-eabi-ar -r  "libLPC1769.a"  ./src/Flash.o ./src/GPIO.o ./src/KeyPad.o ./src/LCD.o ./src/RTC.o ./src/SPI.o ./src/Timer.o ./src/lab5_font.o   
c:\nxp\MCUXpressoIDE_10.1.1_606\ide\tools\bin\arm-none-eabi-ar.exe: creating libLPC1769.a
Finished building target: libLPC1769.a
 
make --no-print-directory post-build
Performing post-build steps
arm-none-eabi-size "libLPC1769.a" ; # arm-none-eabi-objdump -h -S "libLPC1769.a" >"libLPC1769.lss"
   text	   data	    bss	    dec	    hex	filename
    234	      0	      0	    234	     ea	Flash.o (ex libLPC1769.a)
    216	      0	      0	    216	     d8	GPIO.o (ex libLPC1769.a)
    304	     32	     12	    348	    15c	KeyPad.o (ex libLPC1769.a)
   1210	      8	     20	   1238	    4d6	LCD.o (ex libLPC1769.a)
    432	      0	      0	    432	    1b0	RTC.o (ex libLPC1769.a)
    244	      0	      0	    244	     f4	SPI.o (ex libLPC1769.a)
    150	      0	      0	    150	     96	Timer.o (ex libLPC1769.a)
   1552	      0	      0	   1552	    610	lab5_font.o (ex libLPC1769.a)
 

18:19:21 Build Finished (took 6s.364ms)

